Could not open input file: php
Could not open input file: php
Could not open input file: php
Could not open input file: php
Could not open input file: php
Could not open input file: php
Could not open input file: php
Could not open input file: php
Could not open input file: php
Could not open input file: php
Could not open input file: php
Could not open input file: php
Could not open input file: php
Could not open input file: php
Could not open input file: php
Could not open input file: php
Could not open input file: php
Could not open input file: php
Could not open input file: php
Could not open input file: php
Could not open input file: php
Could not open input file: php
Could not open input file: php
Could not open input file: php
Could not open input file: php
Could not open input file: php
Could not open input file: php
Could not open input file: php
Could not open input file: php
Could not open input file: php
Could not open input file: php
Could not open input file: php
[2016-09-22 23:47:07] Processed: App\Jobs\SendEmail
[2016-09-22 23:47:07] Processed: App\Jobs\SendEmail
[2016-09-22 23:47:07] Processed: App\Jobs\SendEmail
[2016-09-22 23:47:08] Processed: App\Jobs\SendEmail
[2016-09-22 23:47:08] Processed: App\Jobs\SendEmail
[2016-09-22 23:47:09] Processed: App\Jobs\SendEmail
[2016-09-22 23:47:09] Processed: App\Jobs\SendEmail
[2016-09-22 23:47:09] Processed: App\Jobs\SendEmail
[2016-09-22 23:47:09] Processed: App\Jobs\SendEmail
[2016-09-22 23:47:09] Processed: App\Jobs\SendEmail
[2016-09-22 23:47:10] Processed: App\Jobs\SendEmail
[2016-09-22 23:47:10] Processed: App\Jobs\SendEmail
[2016-09-22 23:47:10] Processed: App\Jobs\SendEmail
[2016-09-22 23:47:10] Processed: App\Jobs\SendEmail
[2016-09-22 23:47:10] Processed: App\Jobs\SendEmail
[2016-09-22 23:47:11] Processed: App\Jobs\SendEmail
[2016-09-22 23:47:11] Processed: App\Jobs\SendEmail
[2016-09-22 23:48:19] Processed: App\Jobs\SendEmail
[2016-09-22 23:48:19] Processed: App\Jobs\SendEmail
[2016-09-22 23:48:19] Processed: App\Jobs\SendEmail
[2016-09-22 23:48:19] Processed: App\Jobs\SendEmail
[2016-09-22 23:48:19] Processed: App\Jobs\SendEmail
[2016-09-22 23:48:20] Processed: App\Jobs\SendEmail
[2016-09-22 23:48:20] Processed: App\Jobs\SendEmail
[2016-09-22 23:48:21] Processed: App\Jobs\SendEmail
[2016-09-22 23:48:21] Processed: App\Jobs\SendEmail
[2016-09-22 23:48:21] Processed: App\Jobs\SendEmail
[2016-09-22 23:48:21] Processed: App\Jobs\SendEmail
[2016-09-22 23:48:22] Processed: App\Jobs\SendEmail
[2016-09-22 23:48:22] Processed: App\Jobs\SendEmail
[2016-09-22 23:48:22] Processed: App\Jobs\SendEmail
[2016-09-22 23:48:23] Processed: App\Jobs\SendEmail
[2016-09-22 23:48:23] Processed: App\Jobs\SendEmail
[2016-09-22 23:48:23] Processed: App\Jobs\SendEmail
[2016-09-22 23:48:23] Processed: App\Jobs\SendEmail
[2016-09-22 23:48:23] Processed: App\Jobs\SendEmail
[2016-09-22 23:48:23] Processed: App\Jobs\SendEmail
[2016-09-22 23:48:24] Processed: App\Jobs\SendEmail
[2016-09-22 23:48:24] Processed: App\Jobs\SendEmail
[2016-09-22 23:48:25] Processed: App\Jobs\SendEmail
[2016-09-22 23:48:25] Processed: App\Jobs\SendEmail
[2016-09-22 23:48:25] Processed: App\Jobs\SendEmail
[2016-09-22 23:48:26] Processed: App\Jobs\SendEmail
[2016-09-22 23:48:26] Processed: App\Jobs\SendEmail
[2016-09-22 23:58:50] Processed: App\Jobs\SendEmail
[2016-09-22 23:58:50] Processed: App\Jobs\SendEmail
[2016-09-22 23:58:50] Processed: App\Jobs\SendEmail
[2016-09-22 23:58:50] Processed: App\Jobs\SendEmail
[2016-09-22 23:58:51] Processed: App\Jobs\SendEmail
[2016-09-22 23:58:51] Processed: App\Jobs\SendEmail
[2016-09-22 23:58:52] Processed: App\Jobs\SendEmail
[2016-09-22 23:58:52] Processed: App\Jobs\SendEmail
[2016-09-22 23:58:53] Processed: App\Jobs\SendEmail
[2016-09-22 23:58:54] Processed: App\Jobs\SendEmail
[2016-09-22 23:58:54] Processed: App\Jobs\SendEmail
[2016-09-22 23:58:55] Processed: App\Jobs\SendEmail
[2016-09-22 23:58:56] Processed: App\Jobs\SendEmail
[2016-09-22 23:58:56] Processed: App\Jobs\SendEmail
[2016-09-22 23:58:56] Processed: App\Jobs\SendEmail
[2016-09-22 23:58:57] Processed: App\Jobs\SendEmail
[2016-09-22 23:58:57] Processed: App\Jobs\SendEmail
[2016-09-22 23:58:57] Processed: App\Jobs\SendEmail
[2016-09-22 23:58:58] Processed: App\Jobs\SendEmail
[2016-09-22 23:59:01] Processed: App\Jobs\SendEmail
[2016-09-22 23:59:02] Processed: App\Jobs\SendEmail
[2016-09-22 23:59:02] Processed: App\Jobs\SendEmail
[2016-09-22 23:59:02] Processed: App\Jobs\SendEmail
[2016-09-22 23:59:02] Processed: App\Jobs\SendEmail
[2016-09-22 23:59:02] Processed: App\Jobs\SendEmail
[2016-09-22 23:59:03] Processed: App\Jobs\SendEmail
[2016-09-22 23:59:04] Processed: App\Jobs\SendEmail
[2016-09-22 23:59:04] Processed: App\Jobs\SendEmail
[2016-09-22 23:59:05] Processed: App\Jobs\SendEmail
[2016-09-22 23:59:06] Processed: App\Jobs\SendEmail
[2016-09-22 23:59:06] Processed: App\Jobs\SendEmail
[2016-09-22 23:59:06] Processed: App\Jobs\SendEmail
[2016-09-22 23:59:06] Processed: App\Jobs\SendEmail
[2016-09-22 23:59:06] Processed: App\Jobs\SendEmail
[2016-09-22 23:59:06] Processed: App\Jobs\SendEmail
[2016-09-22 23:59:07] Processed: App\Jobs\SendEmail
[2016-09-22 23:59:07] Processed: App\Jobs\SendEmail
[2016-09-22 23:59:07] Processed: App\Jobs\SendEmail
[2016-09-22 23:59:07] Processed: App\Jobs\SendEmail
PHP Fatal error:  Cannot use object of type stdClass as array in /var/www/html/mhapi/app/Jobs/SendEmail.php on line 71

                                                           
  [Symfony\Component\Debug\Exception\FatalErrorException]  
  Cannot use object of type stdClass as array              
                                                           

PHP Fatal error:  Cannot use object of type stdClass as array in /var/www/html/mhapi/app/Jobs/SendEmail.php on line 71

                                                           
  [Symfony\Component\Debug\Exception\FatalErrorException]  
  Cannot use object of type stdClass as array              
                                                           

PHP Fatal error:  Cannot use object of type stdClass as array in /var/www/html/mhapi/app/Jobs/SendEmail.php on line 71

                                                           
  [Symfony\Component\Debug\Exception\FatalErrorException]  
  Cannot use object of type stdClass as array              
                                                           

PHP Fatal error:  Cannot use object of type stdClass as array in /var/www/html/mhapi/app/Jobs/SendEmail.php on line 71

                                                           
  [Symfony\Component\Debug\Exception\FatalErrorException]  
  Cannot use object of type stdClass as array              
                                                           

[2016-09-23 13:53:46] Failed: App\Jobs\SendEmail
PHP Fatal error:  Cannot use object of type stdClass as array in /var/www/html/mhapi/app/Jobs/SendEmail.php on line 71

                                                           
  [Symfony\Component\Debug\Exception\FatalErrorException]  
  Cannot use object of type stdClass as array              
                                                           

PHP Fatal error:  Cannot use object of type stdClass as array in /var/www/html/mhapi/app/Jobs/SendEmail.php on line 71

                                                           
  [Symfony\Component\Debug\Exception\FatalErrorException]  
  Cannot use object of type stdClass as array              
                                                           

PHP Fatal error:  Cannot use object of type stdClass as array in /var/www/html/mhapi/app/Jobs/SendEmail.php on line 71

                                                           
  [Symfony\Component\Debug\Exception\FatalErrorException]  
  Cannot use object of type stdClass as array              
                                                           

PHP Fatal error:  Cannot use object of type stdClass as array in /var/www/html/mhapi/app/Jobs/SendEmail.php on line 71

                                                           
  [Symfony\Component\Debug\Exception\FatalErrorException]  
  Cannot use object of type stdClass as array              
                                                           

PHP Fatal error:  Cannot use object of type stdClass as array in /var/www/html/mhapi/app/Jobs/SendEmail.php on line 71

                                                           
  [Symfony\Component\Debug\Exception\FatalErrorException]  
  Cannot use object of type stdClass as array              
                                                           

[2016-09-23 13:54:52] Failed: App\Jobs\SendEmail
PHP Fatal error:  Cannot use object of type stdClass as array in /var/www/html/mhapi/app/Jobs/SendEmail.php on line 71

                                                           
  [Symfony\Component\Debug\Exception\FatalErrorException]  
  Cannot use object of type stdClass as array              
                                                           

PHP Fatal error:  Cannot use object of type stdClass as array in /var/www/html/mhapi/app/Jobs/SendEmail.php on line 71

                                                           
  [Symfony\Component\Debug\Exception\FatalErrorException]  
  Cannot use object of type stdClass as array              
                                                           

[2016-09-23 13:55:33] Failed: App\Jobs\SendEmail
PHP Fatal error:  Cannot use object of type stdClass as array in /var/www/html/mhapi/app/Jobs/SendEmail.php on line 71

                                                           
  [Symfony\Component\Debug\Exception\FatalErrorException]  
  Cannot use object of type stdClass as array              
                                                           

[2016-09-23 13:56:20] Failed: App\Jobs\SendEmail
[2016-09-23 13:57:46] Processed: App\Jobs\SendEmail
exception 'ErrorException' with message 'Undefined index: group_email_id' in /var/www/html/mhapi/app/Jobs/SendEmail.php:73
Stack trace:
#0 /var/www/html/mhapi/app/Jobs/SendEmail.php(73): Illuminate\Foundation\Bootstrap\HandleExceptions->handleError(8, 'Undefined index...', '/var/www/html/m...', 73, Array)
#1 [internal function]: App\Jobs\SendEmail->handle(Object(App\Models\GroupEmailModel))
#2 /var/www/html/mhapi/vendor/laravel/framework/src/Illuminate/Container/Container.php(507): call_user_func_array(Array, Array)
#3 /var/www/html/mhapi/vendor/laravel/framework/src/Illuminate/Bus/Dispatcher.php(81): Illuminate\Container\Container->call(Array)
#4 [internal function]: Illuminate\Bus\Dispatcher->Illuminate\Bus\{closure}(Object(App\Jobs\SendEmail))
#5 /var/www/html/mhapi/vendor/laravel/framework/src/Illuminate/Pipeline/Pipeline.php(150): call_user_func(Object(Closure), Object(App\Jobs\SendEmail))
#6 [internal function]: Illuminate\Pipeline\Pipeline->Illuminate\Pipeline\{closure}(Object(App\Jobs\SendEmail))
#7 /var/www/html/mhapi/vendor/laravel/framework/src/Illuminate/Pipeline/Pipeline.php(103): call_user_func(Object(Closure), Object(App\Jobs\SendEmail))
#8 /var/www/html/mhapi/vendor/laravel/framework/src/Illuminate/Bus/Dispatcher.php(82): Illuminate\Pipeline\Pipeline->then(Object(Closure))
#9 /var/www/html/mhapi/vendor/laravel/framework/src/Illuminate/Queue/CallQueuedHandler.php(41): Illuminate\Bus\Dispatcher->dispatchNow(Object(App\Jobs\SendEmail))
#10 /var/www/html/mhapi/vendor/laravel/framework/src/Illuminate/Queue/Jobs/Job.php(130): Illuminate\Queue\CallQueuedHandler->call(Object(Illuminate\Queue\Jobs\SqsJob), Array)
#11 /var/www/html/mhapi/vendor/laravel/framework/src/Illuminate/Queue/Jobs/SqsJob.php(52): Illuminate\Queue\Jobs\Job->resolveAndFire(Array)
#12 /var/www/html/mhapi/vendor/laravel/framework/src/Illuminate/Queue/Worker.php(213): Illuminate\Queue\Jobs\SqsJob->fire()
#13 /var/www/html/mhapi/vendor/laravel/framework/src/Illuminate/Queue/Worker.php(157): Illuminate\Queue\Worker->process('sqs', Object(Illuminate\Queue\Jobs\SqsJob), '3', 0)
#14 /var/www/html/mhapi/vendor/laravel/framework/src/Illuminate/Queue/Worker.php(111): Illuminate\Queue\Worker->pop('sqs', NULL, 0, '3', '3')
#15 /var/www/html/mhapi/vendor/laravel/framework/src/Illuminate/Queue/Worker.php(87): Illuminate\Queue\Worker->runNextJobForDaemon('sqs', NULL, 0, '3', '3')
#16 /var/www/html/mhapi/vendor/laravel/framework/src/Illuminate/Queue/Console/WorkCommand.php(120): Illuminate\Queue\Worker->daemon('sqs', NULL, 0, 128, '3', '3')
#17 /var/www/html/mhapi/vendor/laravel/framework/src/Illuminate/Queue/Console/WorkCommand.php(79): Illuminate\Queue\Console\WorkCommand->runWorker('sqs', NULL, 0, 128, true)
#18 [internal function]: Illuminate\Queue\Console\WorkCommand->fire()
#19 /var/www/html/mhapi/vendor/laravel/framework/src/Illuminate/Container/Container.php(507): call_user_func_array(Array, Array)
#20 /var/www/html/mhapi/vendor/laravel/framework/src/Illuminate/Console/Command.php(169): Illuminate\Container\Container->call(Array)
#21 /var/www/html/mhapi/vendor/symfony/console/Command/Command.php(256): Illuminate\Console\Command->execute(Object(Symfony\Component\Console\Input\ArgvInput), Object(Symfony\Component\Console\Output\ConsoleOutput))
#22 /var/www/html/mhapi/vendor/laravel/framework/src/Illuminate/Console/Command.php(155): Symfony\Component\Console\Command\Command->run(Object(Symfony\Component\Console\Input\ArgvInput), Object(Symfony\Component\Console\Output\ConsoleOutput))
#23 /var/www/html/mhapi/vendor/symfony/console/Application.php(794): Illuminate\Console\Command->run(Object(Symfony\Component\Console\Input\ArgvInput), Object(Symfony\Component\Console\Output\ConsoleOutput))
#24 /var/www/html/mhapi/vendor/symfony/console/Application.php(186): Symfony\Component\Console\Application->doRunCommand(Object(Illuminate\Queue\Console\WorkCommand), Object(Symfony\Component\Console\Input\ArgvInput), Object(Symfony\Component\Console\Output\ConsoleOutput))
#25 /var/www/html/mhapi/vendor/symfony/console/Application.php(117): Symfony\Component\Console\Application->doRun(Object(Symfony\Component\Console\Input\ArgvInput), Object(Symfony\Component\Console\Output\ConsoleOutput))
#26 /var/www/html/mhapi/vendor/laravel/framework/src/Illuminate/Foundation/Console/Kernel.php(107): Symfony\Component\Console\Application->run(Object(Symfony\Component\Console\Input\ArgvInput), Object(Symfony\Component\Console\Output\ConsoleOutput))
#27 /var/www/html/mhapi/artisan(36): Illuminate\Foundation\Console\Kernel->handle(Object(Symfony\Component\Console\Input\ArgvInput), Object(Symfony\Component\Console\Output\ConsoleOutput))
#28 {main}[2016-09-23 14:06:09] Processed: App\Jobs\SendEmail
exception 'ErrorException' with message 'Undefined index: group_email_id' in /var/www/html/mhapi/app/Jobs/SendEmail.php:73
Stack trace:
#0 /var/www/html/mhapi/app/Jobs/SendEmail.php(73): Illuminate\Foundation\Bootstrap\HandleExceptions->handleError(8, 'Undefined index...', '/var/www/html/m...', 73, Array)
#1 [internal function]: App\Jobs\SendEmail->handle(Object(stdClass))
#2 /var/www/html/mhapi/vendor/laravel/framework/src/Illuminate/Container/Container.php(507): call_user_func_array(Array, Array)
#3 /var/www/html/mhapi/vendor/laravel/framework/src/Illuminate/Bus/Dispatcher.php(81): Illuminate\Container\Container->call(Array)
#4 [internal function]: Illuminate\Bus\Dispatcher->Illuminate\Bus\{closure}(Object(App\Jobs\SendEmail))
#5 /var/www/html/mhapi/vendor/laravel/framework/src/Illuminate/Pipeline/Pipeline.php(150): call_user_func(Object(Closure), Object(App\Jobs\SendEmail))
#6 [internal function]: Illuminate\Pipeline\Pipeline->Illuminate\Pipeline\{closure}(Object(App\Jobs\SendEmail))
#7 /var/www/html/mhapi/vendor/laravel/framework/src/Illuminate/Pipeline/Pipeline.php(103): call_user_func(Object(Closure), Object(App\Jobs\SendEmail))
#8 /var/www/html/mhapi/vendor/laravel/framework/src/Illuminate/Bus/Dispatcher.php(82): Illuminate\Pipeline\Pipeline->then(Object(Closure))
#9 /var/www/html/mhapi/vendor/laravel/framework/src/Illuminate/Queue/CallQueuedHandler.php(41): Illuminate\Bus\Dispatcher->dispatchNow(Object(App\Jobs\SendEmail))
#10 /var/www/html/mhapi/vendor/laravel/framework/src/Illuminate/Queue/Jobs/Job.php(130): Illuminate\Queue\CallQueuedHandler->call(Object(Illuminate\Queue\Jobs\SqsJob), Array)
#11 /var/www/html/mhapi/vendor/laravel/framework/src/Illuminate/Queue/Jobs/SqsJob.php(52): Illuminate\Queue\Jobs\Job->resolveAndFire(Array)
#12 /var/www/html/mhapi/vendor/laravel/framework/src/Illuminate/Queue/Worker.php(213): Illuminate\Queue\Jobs\SqsJob->fire()
#13 /var/www/html/mhapi/vendor/laravel/framework/src/Illuminate/Queue/Worker.php(157): Illuminate\Queue\Worker->process('sqs', Object(Illuminate\Queue\Jobs\SqsJob), '3', 0)
#14 /var/www/html/mhapi/vendor/laravel/framework/src/Illuminate/Queue/Worker.php(111): Illuminate\Queue\Worker->pop('sqs', NULL, 0, '3', '3')
#15 /var/www/html/mhapi/vendor/laravel/framework/src/Illuminate/Queue/Worker.php(87): Illuminate\Queue\Worker->runNextJobForDaemon('sqs', NULL, 0, '3', '3')
#16 /var/www/html/mhapi/vendor/laravel/framework/src/Illuminate/Queue/Console/WorkCommand.php(120): Illuminate\Queue\Worker->daemon('sqs', NULL, 0, 128, '3', '3')
#17 /var/www/html/mhapi/vendor/laravel/framework/src/Illuminate/Queue/Console/WorkCommand.php(79): Illuminate\Queue\Console\WorkCommand->runWorker('sqs', NULL, 0, 128, true)
#18 [internal function]: Illuminate\Queue\Console\WorkCommand->fire()
#19 /var/www/html/mhapi/vendor/laravel/framework/src/Illuminate/Container/Container.php(507): call_user_func_array(Array, Array)
#20 /var/www/html/mhapi/vendor/laravel/framework/src/Illuminate/Console/Command.php(169): Illuminate\Container\Container->call(Array)
#21 /var/www/html/mhapi/vendor/symfony/console/Command/Command.php(256): Illuminate\Console\Command->execute(Object(Symfony\Component\Console\Input\ArgvInput), Object(Symfony\Component\Console\Output\ConsoleOutput))
#22 /var/www/html/mhapi/vendor/laravel/framework/src/Illuminate/Console/Command.php(155): Symfony\Component\Console\Command\Command->run(Object(Symfony\Component\Console\Input\ArgvInput), Object(Symfony\Component\Console\Output\ConsoleOutput))
#23 /var/www/html/mhapi/vendor/symfony/console/Application.php(794): Illuminate\Console\Command->run(Object(Symfony\Component\Console\Input\ArgvInput), Object(Symfony\Component\Console\Output\ConsoleOutput))
#24 /var/www/html/mhapi/vendor/symfony/console/Application.php(186): Symfony\Component\Console\Application->doRunCommand(Object(Illuminate\Queue\Console\WorkCommand), Object(Symfony\Component\Console\Input\ArgvInput), Object(Symfony\Component\Console\Output\ConsoleOutput))
#25 /var/www/html/mhapi/vendor/symfony/console/Application.php(117): Symfony\Component\Console\Application->doRun(Object(Symfony\Component\Console\Input\ArgvInput), Object(Symfony\Component\Console\Output\ConsoleOutput))
#26 /var/www/html/mhapi/vendor/laravel/framework/src/Illuminate/Foundation/Console/Kernel.php(107): Symfony\Component\Console\Application->run(Object(Symfony\Component\Console\Input\ArgvInput), Object(Symfony\Component\Console\Output\ConsoleOutput))
#27 /var/www/html/mhapi/artisan(36): Illuminate\Foundation\Console\Kernel->handle(Object(Symfony\Component\Console\Input\ArgvInput), Object(Symfony\Component\Console\Output\ConsoleOutput))
#28 {main}[2016-09-23 14:07:05] Processed: App\Jobs\SendEmail
exception 'ErrorException' with message 'Undefined index: group_email_id' in /var/www/html/mhapi/app/Jobs/SendEmail.php:73
Stack trace:
#0 /var/www/html/mhapi/app/Jobs/SendEmail.php(73): Illuminate\Foundation\Bootstrap\HandleExceptions->handleError(8, 'Undefined index...', '/var/www/html/m...', 73, Array)
#1 [internal function]: App\Jobs\SendEmail->handle(Object(App\Models\GroupEmailModel))
#2 /var/www/html/mhapi/vendor/laravel/framework/src/Illuminate/Container/Container.php(507): call_user_func_array(Array, Array)
#3 /var/www/html/mhapi/vendor/laravel/framework/src/Illuminate/Bus/Dispatcher.php(81): Illuminate\Container\Container->call(Array)
#4 [internal function]: Illuminate\Bus\Dispatcher->Illuminate\Bus\{closure}(Object(App\Jobs\SendEmail))
#5 /var/www/html/mhapi/vendor/laravel/framework/src/Illuminate/Pipeline/Pipeline.php(150): call_user_func(Object(Closure), Object(App\Jobs\SendEmail))
#6 [internal function]: Illuminate\Pipeline\Pipeline->Illuminate\Pipeline\{closure}(Object(App\Jobs\SendEmail))
#7 /var/www/html/mhapi/vendor/laravel/framework/src/Illuminate/Pipeline/Pipeline.php(103): call_user_func(Object(Closure), Object(App\Jobs\SendEmail))
#8 /var/www/html/mhapi/vendor/laravel/framework/src/Illuminate/Bus/Dispatcher.php(82): Illuminate\Pipeline\Pipeline->then(Object(Closure))
#9 /var/www/html/mhapi/vendor/laravel/framework/src/Illuminate/Queue/CallQueuedHandler.php(41): Illuminate\Bus\Dispatcher->dispatchNow(Object(App\Jobs\SendEmail))
#10 /var/www/html/mhapi/vendor/laravel/framework/src/Illuminate/Queue/Jobs/Job.php(130): Illuminate\Queue\CallQueuedHandler->call(Object(Illuminate\Queue\Jobs\SqsJob), Array)
#11 /var/www/html/mhapi/vendor/laravel/framework/src/Illuminate/Queue/Jobs/SqsJob.php(52): Illuminate\Queue\Jobs\Job->resolveAndFire(Array)
#12 /var/www/html/mhapi/vendor/laravel/framework/src/Illuminate/Queue/Worker.php(213): Illuminate\Queue\Jobs\SqsJob->fire()
#13 /var/www/html/mhapi/vendor/laravel/framework/src/Illuminate/Queue/Worker.php(157): Illuminate\Queue\Worker->process('sqs', Object(Illuminate\Queue\Jobs\SqsJob), '3', 0)
#14 /var/www/html/mhapi/vendor/laravel/framework/src/Illuminate/Queue/Worker.php(111): Illuminate\Queue\Worker->pop('sqs', NULL, 0, '3', '3')
#15 /var/www/html/mhapi/vendor/laravel/framework/src/Illuminate/Queue/Worker.php(87): Illuminate\Queue\Worker->runNextJobForDaemon('sqs', NULL, 0, '3', '3')
#16 /var/www/html/mhapi/vendor/laravel/framework/src/Illuminate/Queue/Console/WorkCommand.php(120): Illuminate\Queue\Worker->daemon('sqs', NULL, 0, 128, '3', '3')
#17 /var/www/html/mhapi/vendor/laravel/framework/src/Illuminate/Queue/Console/WorkCommand.php(79): Illuminate\Queue\Console\WorkCommand->runWorker('sqs', NULL, 0, 128, true)
#18 [internal function]: Illuminate\Queue\Console\WorkCommand->fire()
#19 /var/www/html/mhapi/vendor/laravel/framework/src/Illuminate/Container/Container.php(507): call_user_func_array(Array, Array)
#20 /var/www/html/mhapi/vendor/laravel/framework/src/Illuminate/Console/Command.php(169): Illuminate\Container\Container->call(Array)
#21 /var/www/html/mhapi/vendor/symfony/console/Command/Command.php(256): Illuminate\Console\Command->execute(Object(Symfony\Component\Console\Input\ArgvInput), Object(Symfony\Component\Console\Output\ConsoleOutput))
#22 /var/www/html/mhapi/vendor/laravel/framework/src/Illuminate/Console/Command.php(155): Symfony\Component\Console\Command\Command->run(Object(Symfony\Component\Console\Input\ArgvInput), Object(Symfony\Component\Console\Output\ConsoleOutput))
#23 /var/www/html/mhapi/vendor/symfony/console/Application.php(794): Illuminate\Console\Command->run(Object(Symfony\Component\Console\Input\ArgvInput), Object(Symfony\Component\Console\Output\ConsoleOutput))
#24 /var/www/html/mhapi/vendor/symfony/console/Application.php(186): Symfony\Component\Console\Application->doRunCommand(Object(Illuminate\Queue\Console\WorkCommand), Object(Symfony\Component\Console\Input\ArgvInput), Object(Symfony\Component\Console\Output\ConsoleOutput))
#25 /var/www/html/mhapi/vendor/symfony/console/Application.php(117): Symfony\Component\Console\Application->doRun(Object(Symfony\Component\Console\Input\ArgvInput), Object(Symfony\Component\Console\Output\ConsoleOutput))
#26 /var/www/html/mhapi/vendor/laravel/framework/src/Illuminate/Foundation/Console/Kernel.php(107): Symfony\Component\Console\Application->run(Object(Symfony\Component\Console\Input\ArgvInput), Object(Symfony\Component\Console\Output\ConsoleOutput))
#27 /var/www/html/mhapi/artisan(36): Illuminate\Foundation\Console\Kernel->handle(Object(Symfony\Component\Console\Input\ArgvInput), Object(Symfony\Component\Console\Output\ConsoleOutput))
#28 {main}[2016-09-23 14:09:02] Processed: App\Jobs\SendEmail
not sent[2016-09-23 14:09:21] Processed: App\Jobs\SendEmail
not sent[2016-09-23 14:10:51] Processed: App\Jobs\SendEmail
not sent[2016-09-23 14:10:56] Processed: App\Jobs\SendEmail
not sent[2016-09-23 14:10:58] Processed: App\Jobs\SendEmail
not sent[2016-09-23 14:13:15] Processed: App\Jobs\SendEmail
not sent[2016-09-23 14:13:34] Processed: App\Jobs\SendEmail
not sent[2016-09-23 14:14:04] Processed: App\Jobs\SendEmail
not sent[2016-09-23 14:14:29] Processed: App\Jobs\SendEmail
[2016-09-23 14:23:21] Processed: App\Jobs\SendEmail
[2016-09-23 14:24:55] Processed: App\Jobs\SendEmail
[2016-09-23 14:25:24] Failed: App\Jobs\SendEmail
[2016-09-23 14:26:02] Failed: App\Jobs\SendEmail
not sent[2016-09-23 14:27:22] Processed: App\Jobs\SendEmail
[2016-09-23 14:28:46] Processed: App\Jobs\SendEmail
not sent[2016-09-23 21:26:32] Processed: App\Jobs\SendEmail
not sent[2016-09-23 21:26:54] Processed: App\Jobs\SendEmail
not sent[2016-09-23 21:28:18] Processed: App\Jobs\SendEmail
not sent[2016-09-23 21:29:17] Processed: App\Jobs\SendEmail
not sent[2016-09-23 21:29:57] Processed: App\Jobs\SendEmail
not sent[2016-09-23 21:30:27] Processed: App\Jobs\SendEmail
not sentnot sent[2016-09-23 21:31:21] Processed: App\Jobs\SendEmail
[2016-09-23 21:31:21] Processed: App\Jobs\SendEmail
not sent[2016-09-23 21:31:25] Processed: App\Jobs\SendEmail
not sent[2016-09-23 21:33:31] Processed: App\Jobs\SendEmail
not sent[2016-09-23 21:36:18] Processed: App\Jobs\SendEmail
not sent[2016-09-23 21:41:28] Processed: App\Jobs\SendEmail
not sent[2016-09-23 21:42:23] Processed: App\Jobs\SendEmail
not sent[2016-09-23 21:43:55] Processed: App\Jobs\SendEmail
not sent[2016-09-23 21:45:06] Processed: App\Jobs\SendEmail
not sent[2016-09-23 21:45:18] Processed: App\Jobs\SendEmail
not sent[2016-09-23 21:45:42] Processed: App\Jobs\SendEmail
not sent[2016-09-23 21:46:05] Processed: App\Jobs\SendEmail
not sent[2016-09-23 21:46:56] Processed: App\Jobs\SendEmail
not sent[2016-09-23 21:48:28] Processed: App\Jobs\SendEmail
not sent[2016-09-23 21:50:09] Processed: App\Jobs\SendEmail
not sent[2016-09-23 21:50:09] Processed: App\Jobs\SendEmail
not sent[2016-09-23 21:50:10] Processed: App\Jobs\SendEmail
not sent[2016-09-23 21:50:11] Processed: App\Jobs\SendEmail
not sent[2016-09-23 21:50:11] Processed: App\Jobs\SendEmail
not sent[2016-09-23 21:50:11] Processed: App\Jobs\SendEmail
not sent[2016-09-23 21:50:12] Processed: App\Jobs\SendEmail
not sent[2016-09-23 21:50:25] Processed: App\Jobs\SendEmail
not sent[2016-09-23 21:50:39] Processed: App\Jobs\SendEmail
not sent[2016-09-23 21:51:11] Processed: App\Jobs\SendEmail
not sent[2016-09-24 00:41:00] Processed: App\Jobs\SendEmail
not sentnot sentnot sent[2016-09-24 00:41:00] Processed: App\Jobs\SendEmail
[2016-09-24 00:41:01] Processed: App\Jobs\SendEmail
not sent[2016-09-24 00:41:01] Processed: App\Jobs\SendEmail
[2016-09-24 00:41:01] Processed: App\Jobs\SendEmail
not sent[2016-09-24 00:41:01] Processed: App\Jobs\SendEmail
not sent[2016-09-24 00:41:01] Processed: App\Jobs\SendEmail
not sent[2016-09-24 00:41:02] Processed: App\Jobs\SendEmail
not sentnot sent[2016-09-24 00:41:04] Processed: App\Jobs\SendEmail
[2016-09-24 00:41:04] Processed: App\Jobs\SendEmail
not sent[2016-09-24 00:41:04] Processed: App\Jobs\SendEmail
not sentnot sentnot sentnot sent[2016-09-24 00:41:04] Processed: App\Jobs\SendEmail
[2016-09-24 00:41:04] Processed: App\Jobs\SendEmail
[2016-09-24 00:41:05] Processed: App\Jobs\SendEmail
[2016-09-24 00:41:05] Processed: App\Jobs\SendEmail
not sent[2016-09-24 00:41:05] Processed: App\Jobs\SendEmail
not sent[2016-09-24 00:41:06] Processed: App\Jobs\SendEmail
not sentnot sentnot sent[2016-09-24 00:41:08] Processed: App\Jobs\SendEmail[2016-09-24 00:41:08] Processed: App\Jobs\SendEmail

[2016-09-24 00:41:08] Processed: App\Jobs\SendEmail
not sent[2016-09-24 00:41:31] Processed: App\Jobs\SendEmail
not sent[2016-09-24 00:41:35] Processed: App\Jobs\SendEmail
not sent[2016-09-24 00:41:38] Processed: App\Jobs\SendEmail
not sent[2016-09-24 00:41:38] Processed: App\Jobs\SendEmail
not sent[2016-09-24 00:45:48] Processed: App\Jobs\SendEmail
not sent[2016-09-24 00:46:11] Processed: App\Jobs\SendEmail
not sent[2016-09-24 00:48:07] Processed: App\Jobs\SendEmail
not sent[2016-09-24 00:57:16] Processed: App\Jobs\SendEmail
not sent[2016-09-24 00:58:57] Processed: App\Jobs\SendEmail
not sent[2016-09-24 00:59:31] Processed: App\Jobs\SendEmail
not sent[2016-09-24 01:04:11] Processed: App\Jobs\SendEmail
not sent[2016-09-24 01:07:50] Processed: App\Jobs\SendEmail
not sent[2016-09-24 01:08:45] Processed: App\Jobs\SendEmail
not sent[2016-09-24 12:18:00] Processed: App\Jobs\SendEmail
not sent[2016-09-24 12:18:46] Processed: App\Jobs\SendEmail
[2016-09-25 16:42:27] Failed: App\Jobs\SendEmail
[2016-09-26 14:35:14] Processed: App\Jobs\SendEmail
[2016-09-26 14:35:15] Processed: App\Jobs\SendEmail
[2016-09-26 16:38:34] Processed: App\Jobs\SendEmail
PHP Fatal error:  Cannot use object of type stdClass as array in /var/www/html/mhapi/app/Jobs/SendEmail.php on line 81

                                                           
  [Symfony\Component\Debug\Exception\FatalErrorException]  
  Cannot use object of type stdClass as array              
                                                           

PHP Fatal error:  Cannot use object of type stdClass as array in /var/www/html/mhapi/app/Jobs/SendEmail.php on line 81

                                                           
  [Symfony\Component\Debug\Exception\FatalErrorException]  
  Cannot use object of type stdClass as array              
                                                           

PHP Fatal error:  Cannot use object of type stdClass as array in /var/www/html/mhapi/app/Jobs/SendEmail.php on line 98

                                                           
  [Symfony\Component\Debug\Exception\FatalErrorException]  
  Cannot use object of type stdClass as array              
                                                           

[2016-09-26 16:44:36] Failed: App\Jobs\SendEmail
PHP Fatal error:  Cannot use object of type stdClass as array in /var/www/html/mhapi/app/Jobs/SendEmail.php on line 81

                                                           
  [Symfony\Component\Debug\Exception\FatalErrorException]  
  Cannot use object of type stdClass as array              
                                                           

PHP Fatal error:  Cannot use object of type stdClass as array in /var/www/html/mhapi/app/Jobs/SendEmail.php on line 98

                                                           
  [Symfony\Component\Debug\Exception\FatalErrorException]  
  Cannot use object of type stdClass as array              
                                                           

PHP Fatal error:  Cannot use object of type stdClass as array in /var/www/html/mhapi/app/Jobs/SendEmail.php on line 81

                                                           
  [Symfony\Component\Debug\Exception\FatalErrorException]  
  Cannot use object of type stdClass as array              
                                                           

stdClass Object
(
    [email_uid] => 57e9511f386cd
    [to_name] => Russell
    [to_email] => smallfriinc@gmail.com
    [from_name] => Bob
    [from_email] => russell@smallfri.com
    [reply_to_name] => Bob
    [reply_to_email] => noreply@smallfri.com
    [subject] => This is a test
    [body] => This is only a test. 
    [plain_text] => test
    [send_at] => 2016-02-05 14:33:00
    [customer_id] => 11
    [group_email_id] => 57
    [status] => pending-sending
    [date_added] => DateTime Object
        (
            [date] => 2016-09-26 16:47:27
            [timezone_type] => 3
            [timezone] => UTC
        )

    [max_retries] => 5
)
PHP Fatal error:  Cannot use object of type stdClass as array in /var/www/html/mhapi/app/Jobs/SendEmail.php on line 99

                                                           
  [Symfony\Component\Debug\Exception\FatalErrorException]  
  Cannot use object of type stdClass as array              
                                                           

PHP Fatal error:  Cannot use object of type stdClass as array in /var/www/html/mhapi/app/Jobs/SendEmail.php on line 81

                                                           
  [Symfony\Component\Debug\Exception\FatalErrorException]  
  Cannot use object of type stdClass as array              
                                                           

PHP Fatal error:  Cannot use object of type stdClass as array in /var/www/html/mhapi/app/Jobs/SendEmail.php on line 81

                                                           
  [Symfony\Component\Debug\Exception\FatalErrorException]  
  Cannot use object of type stdClass as array              
                                                           

[2016-09-26 16:48:57] Failed: App\Jobs\SendEmail
stdClass Object
(
    [email_uid] => 57e95147813f9
    [to_name] => Russell
    [to_email] => smallfriinc@gmail.com
    [from_name] => Bob
    [from_email] => russell@smallfri.com
    [reply_to_name] => Bob
    [reply_to_email] => noreply@smallfri.com
    [subject] => This is a test
    [body] => This is only a test. 
    [plain_text] => test
    [send_at] => 2016-02-05 14:33:00
    [customer_id] => 11
    [group_email_id] => 57
    [status] => pending-sending
    [date_added] => DateTime Object
        (
            [date] => 2016-09-26 16:48:07
            [timezone_type] => 3
            [timezone] => UTC
        )

    [max_retries] => 5
)
PHP Fatal error:  Cannot use object of type stdClass as array in /var/www/html/mhapi/app/Jobs/SendEmail.php on line 99

                                                           
  [Symfony\Component\Debug\Exception\FatalErrorException]  
  Cannot use object of type stdClass as array              
                                                           

stdClass Object
(
    [email_uid] => 57e951738347a
    [to_name] => Russell
    [to_email] => smallfriinc@gmail.com
    [from_name] => Bob
    [from_email] => russell@smallfri.com
    [reply_to_name] => Bob
    [reply_to_email] => noreply@smallfri.com
    [subject] => This is a test
    [body] => This is only a test. 
    [plain_text] => test
    [send_at] => 2016-02-05 14:33:00
    [customer_id] => 11
    [group_email_id] => 57
    [status] => pending-sending
    [date_added] => DateTime Object
        (
            [date] => 2016-09-26 16:48:51
            [timezone_type] => 3
            [timezone] => UTC
        )

    [max_retries] => 5
)
PHP Fatal error:  Cannot use object of type stdClass as array in /var/www/html/mhapi/app/Jobs/SendEmail.php on line 99

                                                           
  [Symfony\Component\Debug\Exception\FatalErrorException]  
  Cannot use object of type stdClass as array              
                                                           

[2016-09-26 16:49:38] Failed: App\Jobs\SendEmail
stdClass Object
(
    [email_uid] => 57e951c2ce1cc
    [to_name] => Russell
    [to_email] => smallfriinc@gmail.com
    [from_name] => Bob
    [from_email] => russell@smallfri.com
    [reply_to_name] => Bob
    [reply_to_email] => noreply@smallfri.com
    [subject] => This is a test
    [body] => This is only a test. 
    [plain_text] => test
    [send_at] => 2016-02-05 14:33:00
    [customer_id] => 11
    [group_email_id] => 57
    [status] => pending-sending
    [date_added] => DateTime Object
        (
            [date] => 2016-09-26 16:50:10
            [timezone_type] => 3
            [timezone] => UTC
        )

    [max_retries] => 5
)
PHP Fatal error:  Cannot use object of type stdClass as array in /var/www/html/mhapi/app/Jobs/SendEmail.php on line 99

                                                           
  [Symfony\Component\Debug\Exception\FatalErrorException]  
  Cannot use object of type stdClass as array              
                                                           

[2016-09-26 16:50:52] Failed: App\Jobs\SendEmail
stdClass Object
(
    [email_uid] => 57e951c2ce1cc
    [to_name] => Russell
    [to_email] => smallfriinc@gmail.com
    [from_name] => Bob
    [from_email] => russell@smallfri.com
    [reply_to_name] => Bob
    [reply_to_email] => noreply@smallfri.com
    [subject] => This is a test
    [body] => This is only a test. 
    [plain_text] => test
    [send_at] => 2016-02-05 14:33:00
    [customer_id] => 11
    [group_email_id] => 57
    [status] => pending-sending
    [date_added] => DateTime Object
        (
            [date] => 2016-09-26 16:50:10
            [timezone_type] => 3
            [timezone] => UTC
        )

    [max_retries] => 5
)
PHP Fatal error:  Cannot use object of type stdClass as array in /var/www/html/mhapi/app/Jobs/SendEmail.php on line 99

                                                           
  [Symfony\Component\Debug\Exception\FatalErrorException]  
  Cannot use object of type stdClass as array              
                                                           

[2016-09-26 16:51:41] Failed: App\Jobs\SendEmail
PHP Fatal error:  Cannot use object of type stdClass as array in /var/www/html/mhapi/app/Jobs/SendEmail.php on line 102

                                                           
  [Symfony\Component\Debug\Exception\FatalErrorException]  
  Cannot use object of type stdClass as array              
                                                           

PHP Fatal error:  Cannot use object of type stdClass as array in /var/www/html/mhapi/app/Jobs/SendEmail.php on line 102

                                                           
  [Symfony\Component\Debug\Exception\FatalErrorException]  
  Cannot use object of type stdClass as array              
                                                           

PHP Fatal error:  Cannot use object of type stdClass as array in /var/www/html/mhapi/app/Jobs/SendEmail.php on line 102

                                                           
  [Symfony\Component\Debug\Exception\FatalErrorException]  
  Cannot use object of type stdClass as array              
                                                           

[2016-09-26 16:57:23] Failed: App\Jobs\SendEmail
stdClass Object
(
    [email_uid] => 57e9536a69e62
    [to_name] => Russell
    [to_email] => smallfriinc@gmail.com
    [from_name] => Bob
    [from_email] => russell@smallfri.com
    [reply_to_name] => Bob
    [reply_to_email] => noreply@smallfri.com
    [subject] => This is a test
    [body] => This is only a test. 
    [plain_text] => test
    [send_at] => 2016-02-05 14:33:00
    [customer_id] => 11
    [group_email_id] => 57
    [status] => pending-sending
    [date_added] => DateTime Object
        (
            [date] => 2016-09-26 16:57:14
            [timezone_type] => 3
            [timezone] => UTC
        )

    [max_retries] => 5
)
PHP Fatal error:  Cannot use object of type stdClass as array in /var/www/html/mhapi/app/Jobs/SendEmail.php on line 99

                                                           
  [Symfony\Component\Debug\Exception\FatalErrorException]  
  Cannot use object of type stdClass as array              
                                                           

[2016-09-26 16:58:44] Failed: App\Jobs\SendEmail
[2016-09-26 16:58:54] Processed: App\Jobs\SendEmail
O:8:"stdClass":16:{s:9:"email_uid";s:13:"57e9562079d51";s:7:"to_name";s:7:"Russell";s:8:"to_email";s:21:"smallfriinc@gmail.com";s:9:"from_name";s:3:"Bob";s:10:"from_email";s:20:"russell@smallfri.com";s:13:"reply_to_name";s:3:"Bob";s:14:"reply_to_email";s:20:"noreply@smallfri.com";s:7:"subject";s:14:"This is a test";s:4:"body";s:21:"This is only a test. ";s:10:"plain_text";s:4:"test";s:7:"send_at";s:19:"2016-02-05 14:33:00";s:11:"customer_id";i:11;s:14:"group_email_id";i:57;s:6:"status";s:15:"pending-sending";s:10:"date_added";O:8:"DateTime":3:{s:4:"date";s:19:"2016-09-26 17:08:48";s:13:"timezone_type";i:3;s:8:"timezone";s:3:"UTC";}s:11:"max_retries";i:5;}[2016-09-26 17:10:49] Failed: App\Jobs\SendEmail
[2016-09-26 17:13:12] Failed: App\Jobs\SendEmail
O:8:"stdClass":16:{s:9:"email_uid";s:13:"57e957378475e";s:7:"to_name";s:7:"Russell";s:8:"to_email";s:21:"smallfriinc@gmail.com";s:9:"from_name";s:3:"Bob";s:10:"from_email";s:20:"russell@smallfri.com";s:13:"reply_to_name";s:3:"Bob";s:14:"reply_to_email";s:20:"noreply@smallfri.com";s:7:"subject";s:14:"This is a test";s:4:"body";s:21:"This is only a test. ";s:10:"plain_text";s:4:"test";s:7:"send_at";s:19:"2016-02-05 14:33:00";s:11:"customer_id";i:11;s:14:"group_email_id";i:57;s:6:"status";s:15:"pending-sending";s:10:"date_added";O:8:"DateTime":3:{s:4:"date";s:19:"2016-09-26 17:13:27";s:13:"timezone_type";i:3;s:8:"timezone";s:3:"UTC";}s:11:"max_retries";i:5;}PHP Fatal error:  Cannot use object of type stdClass as array in /var/www/html/mhapi/app/Jobs/SendEmail.php on line 98

                                                           
  [Symfony\Component\Debug\Exception\FatalErrorException]  
  Cannot use object of type stdClass as array              
                                                           

[2016-09-26 17:14:58] Failed: App\Jobs\SendEmail
[2016-09-26 17:16:18] Failed: App\Jobs\SendEmail
O:8:"stdClass":16:{s:9:"email_uid";s:13:"57e957e192b3e";s:7:"to_name";s:7:"Russell";s:8:"to_email";s:21:"smallfriinc@gmail.com";s:9:"from_name";s:3:"Bob";s:10:"from_email";s:20:"russell@smallfri.com";s:13:"reply_to_name";s:3:"Bob";s:14:"reply_to_email";s:20:"noreply@smallfri.com";s:7:"subject";s:14:"This is a test";s:4:"body";s:21:"This is only a test. ";s:10:"plain_text";s:4:"test";s:7:"send_at";s:19:"2016-02-05 14:33:00";s:11:"customer_id";i:11;s:14:"group_email_id";i:57;s:6:"status";s:15:"pending-sending";s:10:"date_added";O:8:"DateTime":3:{s:4:"date";s:19:"2016-09-26 17:16:17";s:13:"timezone_type";i:3;s:8:"timezone";s:3:"UTC";}s:11:"max_retries";i:5;}[2016-09-26 17:17:48] Failed: App\Jobs\SendEmail
[2016-09-26 17:21:37] Failed: App\Jobs\SendEmail
[2016-09-26 17:23:14] Processed: App\Jobs\SendEmail
[2016-09-26 17:25:50] Failed: App\Jobs\SendEmail
[2016-09-26 17:27:08] Failed: App\Jobs\SendEmail
[2016-09-26 17:28:57] Failed: App\Jobs\SendEmail
